14/03/2018 - 03:29:52 - 1::Open Framework
	Id: 0 ==> 345
	Nombre:  ==> Telepizza Give-away Ghost.
	Referencia:  ==> 0000v11-esp
	Imagen:  ==> Pieza_Imagen_345.png
	Imagen1:  ==> Pieza_Imagen1_345.png

14/03/2018 - 03:30:02 - 1::Open Framework
	Id: 0 ==> 345
	Nombre:  ==> Telepizza Give-away Ghost
	Referencia:  ==> 0000v11-esp
	Imagen:  ==> Pieza_Imagen_345.png
	Imagen1:  ==> Pieza_Imagen1_345.png

14/03/2018 - 03:36:27 - 1::Open Framework
	Id: 0 ==> 345
	Nombre:  ==> Telepizza Give-away Ghost...
	Referencia:  ==> 0000v11-esp
	Imagen:  ==> Pieza_Imagen_345.png
	Imagen1:  ==> Pieza_Imagen1_345.png

14/03/2018 - 03:36:36 - 1::Open Framework
	Id: 0 ==> 345
	Nombre:  ==> Telepizza Give-away Ghost
	Referencia:  ==> 0000v11-esp
	Imagen:  ==> Pieza_Imagen_345.png
	Imagen1:  ==> Pieza_Imagen1_345.png

22/03/2018 - 03:52:40 - 1::Open Framework
	Id: 0 ==> 345
	Nombre:  ==> Telepizza Give-away Ghost
	Referencia:  ==> 0000v11-esp
	Imagen:  ==> Pieza_Imagen_345.png
	Imagen1:  ==> Pieza_Imagen1_345.png
	EdicionLimitada:  ==> True

