03/04/2018 - 02:09:22 - 1::Open Framework
	Id: 0 ==> 201
	Nombre:  ==> Figures (serie 1) Madre con hijo
	Referencia:  ==> 5204
	Tem&aacute;tica:  ==> 12
	Formato:  ==> 12
	Imagen:  ==> Pieza_Imagen_201.png
	EdicionLimitada:  ==> False

03/04/2018 - 02:09:26 - 1::Open Framework
	Id: 0 ==> 201
	Nombre:  ==> Figures (serie 1) Madre con hijo
	Referencia:  ==> 5204
	Formato:  ==> 12
	Imagen:  ==> Pieza_Imagen_201.png
	EdicionLimitada:  ==> False

03/04/2018 - 02:09:49 - 1::Open Framework
	Id: 0 ==> 201
	Nombre:  ==> Figures (serie 1) Madre con hijo
	Referencia:  ==> 5204
	Referencia2:  ==> Serie 1
	Formato:  ==> 12
	Imagen:  ==> Pieza_Imagen_201.png
	EdicionLimitada:  ==> False

