20/03/2018 - 09:29:39 - 1::Open Framework
	Id: 0 ==> 310
	Nombre:  ==> Cañón con Accesorios
	Referencia:  ==> 30797062
	Tem&aacute;tica:  ==> 4
	Formato:  ==> 4
	Imagen:  ==> Pieza_Imagen_310.png
	EdicionLimitada:  ==> False

20/03/2018 - 09:29:39 - 1::Open Framework
	Id: 0 ==> 310
	Nombre:  ==> Cañón con Accesorios
	Referencia:  ==> 30797062
	Tem&aacute;tica:  ==> 4
	Formato:  ==> 4
	Imagen:  ==> Pieza_Imagen_310.png
	EdicionLimitada:  ==> False

02/04/2018 - 09:34:15 - 1::Open Framework
	Id: 0 ==> 310
	Nombre:  ==> Cañón con Accesorios
	Referencia:  ==> 30797062
	Tem&aacute;tica:  ==> 4
	Formato:  ==> 4
	Imagen:  ==> Pieza_Imagen_310.png
	EdicionLimitada:  ==> True

