03/04/2018 - 01:48:22 - 1::Open Framework
	Id: 0 ==> 240
	Nombre:  ==> Zeus Dios Griego
	Referencia:  ==> 9149-gre
	Tem&aacute;tica:  ==> 14
	Imagen:  ==> Pieza_Imagen_240.png
	Imagen1:  ==> Pieza_Imagen1_240.png
	A&ntilde;o:  ==> 2017
	EdicionLimitada:  ==> False

04/04/2018 - 07:03:00 - 1::Open Framework
	Id: 0 ==> 240
	Nombre:  ==> Zeus Dios Griego
	Referencia:  ==> 9149-gre
	Tem&aacute;tica:  ==> 14
	Imagen:  ==> Pieza_Imagen_240.png
	Imagen1:  ==> Pieza_Imagen1_240.png
	A&ntilde;o:  ==> 2017
	EdicionLimitada:  ==> True

04/04/2018 - 07:03:40 - 1::Open Framework
	Id: 0 ==> 240
	Nombre:  ==> Zeus Dios Griego
	Referencia:  ==> 9149-gre
	Tem&aacute;tica:  ==> 14
	Imagen:  ==> Pieza_Imagen_240.png
	Imagen1:  ==> Pieza_Imagen1_240.png
	A&ntilde;o:  ==> 2017
	EdicionLimitada:  ==> True

